c:\users\user\documents\github\cpp-assignment\assig-base2022\build\assig2.pch
c:\users\user\documents\github\cpp-assignment\assig-base2022\build\vc143.pdb
c:\users\user\documents\github\cpp-assignment\assig-base2022\build\prefix.obj
c:\users\user\documents\github\cpp-assignment\assig-base2022\build\light.obj
c:\users\user\documents\github\cpp-assignment\assig-base2022\build\fog.obj
c:\users\user\documents\github\cpp-assignment\assig-base2022\build\face.obj
c:\users\user\documents\github\cpp-assignment\assig-base2022\build\camera.obj
c:\users\user\documents\github\cpp-assignment\assig-base2022\build\tsphere.obj
c:\users\user\documents\github\cpp-assignment\assig-base2022\build\torus.obj
c:\users\user\documents\github\cpp-assignment\assig-base2022\build\terrain.obj
c:\users\user\documents\github\cpp-assignment\assig-base2022\build\sweep.obj
c:\users\user\documents\github\cpp-assignment\assig-base2022\build\sphere.obj
c:\users\user\documents\github\cpp-assignment\assig-base2022\build\plane.obj
c:\users\user\documents\github\cpp-assignment\assig-base2022\build\particlesys.obj
c:\users\user\documents\github\cpp-assignment\assig-base2022\build\particle.obj
c:\users\user\documents\github\cpp-assignment\assig-base2022\build\extrusion.obj
c:\users\user\documents\github\cpp-assignment\assig-base2022\build\disc.obj
c:\users\user\documents\github\cpp-assignment\assig-base2022\build\cylinder.obj
c:\users\user\documents\github\cpp-assignment\assig-base2022\build\cube.obj
c:\users\user\documents\github\cpp-assignment\assig-base2022\build\billboard.obj
c:\users\user\documents\github\cpp-assignment\assig-base2022\build\utility.obj
c:\users\user\documents\github\cpp-assignment\assig-base2022\build\scene.obj
c:\users\user\documents\github\cpp-assignment\assig-base2022\build\main.obj
c:\users\user\documents\github\cpp-assignment\assig-base2022\build\vertexshader.obj
c:\users\user\documents\github\cpp-assignment\assig-base2022\build\shaderprogram.obj
c:\users\user\documents\github\cpp-assignment\assig-base2022\build\noise3dtexture.obj
c:\users\user\documents\github\cpp-assignment\assig-base2022\build\fragmentshader.obj
c:\users\user\documents\github\cpp-assignment\assig-base2022\build\viewfrustum.obj
c:\users\user\documents\github\cpp-assignment\assig-base2022\build\vertex.obj
c:\users\user\documents\github\cpp-assignment\assig-base2022\build\vectr.obj
c:\users\user\documents\github\cpp-assignment\assig-base2022\build\texture.obj
c:\users\user\documents\github\cpp-assignment\assig-base2022\build\snd.obj
c:\users\user\documents\github\cpp-assignment\assig-base2022\build\skybox.obj
c:\users\user\documents\github\cpp-assignment\assig-base2022\build\platform.obj
c:\users\user\documents\github\cpp-assignment\assig-base2022\build\object3d.obj
c:\users\user\documents\github\cpp-assignment\assig-base2022\build\matrix.obj
c:\users\user\documents\github\cpp-assignment\assig-base2022\build\composite2.obj
c:\users\user\documents\github\cpp-assignment\assig-base2022\build\composite1.obj
c:\users\user\documents\github\cpp-assignment\assig-base2022\build\assig2.tlog\cl.command.1.tlog
c:\users\user\documents\github\cpp-assignment\assig-base2022\build\assig2.tlog\cl.read.1.tlog
c:\users\user\documents\github\cpp-assignment\assig-base2022\build\assig2.tlog\cl.write.1.tlog
c:\users\user\documents\github\cpp-assignment\assig-base2022\build\assig2.tlog\link.command.1.tlog
c:\users\user\documents\github\cpp-assignment\assig-base2022\build\assig2.tlog\link.read.1.tlog
c:\users\user\documents\github\cpp-assignment\assig-base2022\build\assig2.tlog\link.write.1.tlog
